<component name="libraryTable">
  <library name="junit:junit:4.12" type="repository">
    <properties maven-id="junit:junit:4.12" />
    <CLASSES>
      <root url="jar://$USER_HOME$/maven_repository/junit-4.12.jar!/" />
      <root url="jar://$USER_HOME$/maven_repository/hamcrest-core-1.3.jar!/" />
    </CLASSES>
    <JAVADOC />
    <SOURCES>
      <root url="jar://$USER_HOME$/maven_repository/junit-4.12-sources.jar!/" />
    </SOURCES>
  </library>
</component>